<?xml version="1.0" encoding="UTF-8"?>
<!-- Generated by org.testng.reporters.JUnitReportReporter -->
<testsuite skipped="0" hostname="tbslaptop-" name="com.configuration.AutomationIntegration" tests="2" failures="0" timestamp="05 Jun 2021 12:31:16 GMT" time="9.019" errors="0">
  <testcase name="AdminLogin" time="3.178" classname="com.configuration.AutomationIntegration"/>
  <testcase name="AutomationIntegrationSetup" time="5.841" classname="com.configuration.AutomationIntegration"/>
</testsuite> <!-- com.configuration.AutomationIntegration -->
