<?xml version="1.0" encoding="UTF-8"?>
<!-- Generated by org.testng.reporters.JUnitReportReporter -->
<testsuite hostname="Hasan" name="admin.CompanyCreate" tests="1" failures="0" timestamp="24 Aug 2021 12:24:55 GMT" time="7.766" errors="0">
  <testcase name="CreateCompany" time="7.766" classname="admin.CompanyCreate"/>
</testsuite> <!-- admin.CompanyCreate -->
