<?xml version="1.0" encoding="UTF-8"?>
<!-- Generated by org.testng.reporters.JUnitReportReporter -->
<testsuite hostname="Hasan" name="admin.ClientAdminCreate" tests="3" failures="0" timestamp="24 Aug 2021 12:24:27 GMT" time="5.721" errors="0">
  <testcase name="AdminLogin" time="3.291" classname="admin.ClientAdminCreate"/>
  <testcase name="CreateClientAdmin" time="1.745" classname="admin.ClientAdminCreate"/>
  <testcase name="Logout" time="0.685" classname="admin.ClientAdminCreate"/>
</testsuite> <!-- admin.ClientAdminCreate -->
