<?xml version="1.0" encoding="UTF-8"?>
<!-- Generated by org.testng.reporters.JUnitReportReporter -->
<testsuite skipped="0" hostname="tbslaptop-" name="com.configuratin.AutomationIntegration" tests="2" failures="0" timestamp="03 May 2021 05:36:57 GMT" time="8.503" errors="0">
  <testcase name="AdminLogin" time="2.223" classname="com.configuratin.AutomationIntegration"/>
  <testcase name="AutomationIntegrationSetup" time="6.280" classname="com.configuratin.AutomationIntegration"/>
</testsuite> <!-- com.configuratin.AutomationIntegration -->
