<?xml version="1.0" encoding="UTF-8"?>
<!-- Generated by org.testng.reporters.JUnitReportReporter -->
<testsuite hostname="Hasan" name="configuration.AutomationIntegration" tests="2" failures="0" timestamp="24 Aug 2021 12:25:27 GMT" time="6.556" errors="0">
  <testcase name="AdminLogin" time="2.089" classname="configuration.AutomationIntegration"/>
  <testcase name="AutomationIntegrationSetup" time="4.467" classname="configuration.AutomationIntegration"/>
</testsuite> <!-- configuration.AutomationIntegration -->
