<?xml version="1.0" encoding="UTF-8"?>
<!-- Generated by org.testng.reporters.JUnitReportReporter -->
<testsuite hostname="Hasan" name="configuration.ForDebug" tests="1" failures="0" timestamp="25 Aug 2021 15:00:49 GMT" time="8.576" errors="0">
  <testcase name="CreateOrgStructureType" time="8.576" classname="configuration.ForDebug"/>
</testsuite> <!-- configuration.ForDebug -->
